<?xml version="1.0" encoding="UTF-8"?>
<testsuites name="jjkl" time="284.765" tests="1" failures="1" errors="0">
   <testsuite name="jjkl" tests="1" failures="1" errors="0" time="284.765" skipped="0" timestamp="2021-10-15 13:20:48" hostname="rkeough - host.docker.internal" id="Test Suites/jjkl">
      <properties>
         <property name="deviceName" value=""/>
         <property name="devicePlatform" value=""/>
         <property name="logFolder" value="C:\\Users\\rkeough\\babson-automation\\Reports\\20211015_132037\\jjkl\\20211015_132037"/>
         <property name="logFiles" value="C:\\Users\\rkeough\\babson-automation\\Reports\\20211015_132037\\jjkl\\20211015_132037\\execution0.log"/>
         <property name="attachments" value="C:\\Users\\rkeough\\babson-automation\\Reports\\20211015_132037\\jjkl\\20211015_132037\\1634318521357.png, C:\\Users\\rkeough\\babson-automation\\Reports\\20211015_132037\\jjkl\\20211015_132037\\1634318591624.png, C:\\Users\\rkeough\\babson-automation\\Reports\\20211015_132037\\jjkl\\20211015_132037\\1634318661342.png, C:\\Users\\rkeough\\babson-automation\\Reports\\20211015_132037\\jjkl\\20211015_132037\\1634318731123.png"/>
         <property name="hostName" value="rkeough - host.docker.internal"/>
         <property name="os" value="Windows 10 64bit"/>
         <property name="katalonVersion" value="8.1.0.208"/>
         <property name="browser" value="Chrome 94.0.4606.81"/>
         <property name="hostAddress" value="10.0.0.226"/>
         <property name="sessionId" value="2378f8a50f54b81c66e5bb85d086f6ae"/>
         <property name="seleniumVersion" value="3.141.59"/>
         <property name="proxyInformation" value="ProxyInformation { proxyOption=NO_PROXY, proxyServerType=HTTP, username=, password=********, proxyServerAddress=, proxyServerPort=0, executionList=&quot;&quot;, isApplyToDesiredCapabilities=true }"/>
         <property name="platform" value="Windows 10"/>
      </properties>
      <testcase name="Test Cases/Entrepreneurial_Dropdowns" time="69.788" classname="Test Cases/Entrepreneurial_Dropdowns" status="FAILED">
         <failure type="FAILED" message="Test Cases/Entrepreneurial_Dropdowns FAILED.
Reason:
com.kms.katalon.core.exception.StepFailedException: Unable to select option by value 'tfa_1088' of object 'Object Repository/Dopdown/EntrepreneurialLeadershipDropdownOptions/TOEOption' 
	at com.kms.katalon.core.webui.keyword.internal.WebUIKeywordMain.stepFailed(WebUIKeywordMain.groovy:64)
	at com.kms.katalon.core.webui.keyword.internal.WebUIKeywordMain.runKeyword(WebUIKeywordMain.groovy:26)
	at com.kms.katalon.core.webui.keyword.builtin.SelectOptionByValueKeyword.selectOptionByValue(SelectOptionByValueKeyword.groovy:99)
	at com.kms.katalon.core.webui.keyword.builtin.SelectOptionByValueKeyword.execute(SelectOptionByValueKeyword.groovy:71)
	at com.kms.katalon.core.keyword.internal.KeywordExecutor.executeKeywordForPlatform(KeywordExecutor.groovy:74)
	at com.kms.katalon.core.webui.keyword.WebUiBuiltInKeywords.selectOptionByValue(WebUiBuiltInKeywords.groovy:1168)
	at com.kms.katalon.core.webui.keyword.WebUiBuiltInKeywords$selectOptionByValue$3.call(Unknown Source)
	at Entrepreneurial_Dropdowns.run(Entrepreneurial_Dropdowns:33)
	at com.kms.katalon.core.main.ScriptEngine.run(ScriptEngine.java:194)
	at com.kms.katalon.core.main.ScriptEngine.runScriptAsRawText(ScriptEngine.java:119)
	at com.kms.katalon.core.main.TestCaseExecutor.runScript(TestCaseExecutor.java:430)
	at com.kms.katalon.core.main.TestCaseExecutor.doExecute(TestCaseExecutor.java:421)
	at com.kms.katalon.core.main.TestCaseExecutor.processExecutionPhase(TestCaseExecutor.java:400)
	at com.kms.katalon.core.main.TestCaseExecutor.accessMainPhase(TestCaseExecutor.java:392)
	at com.kms.katalon.core.main.TestCaseExecutor.execute(TestCaseExecutor.java:273)
	at com.kms.katalon.core.main.TestCaseExecutor.execute(TestCaseExecutor.java:351)
	at com.kms.katalon.core.main.TestCaseExecutor.execute(TestCaseExecutor.java:351)
	at com.kms.katalon.core.main.TestCaseExecutor.execute(TestCaseExecutor.java:351)
	at com.kms.katalon.core.main.TestSuiteExecutor.accessTestCaseMainPhase(TestSuiteExecutor.java:202)
	at com.kms.katalon.core.main.TestSuiteExecutor.accessTestSuiteMainPhase(TestSuiteExecutor.java:164)
	at com.kms.katalon.core.main.TestSuiteExecutor.execute(TestSuiteExecutor.java:105)
	at com.kms.katalon.core.main.TestCaseMain.startTestSuite(TestCaseMain.java:185)
	at com.kms.katalon.core.main.TestCaseMain$startTestSuite$0.call(Unknown Source)
	at TempTestSuite1634318437928.run(TempTestSuite1634318437928.groovy:36)
Caused by: org.openqa.selenium.NoSuchElementException: Cannot locate option with value: tfa_1088
For documentation on this error, please visit: https://www.seleniumhq.org/exceptions/no_such_element.html
Build info: version: '3.141.59', revision: 'e82be7d358', time: '2018-11-14T08:25:53'
System info: host: 'L18-0032', ip: '10.0.0.226', os.name: 'Windows 10', os.arch: 'amd64', os.version: '10.0', java.version: '1.8.0_181'
Driver info: driver.version: unknown
	at org.openqa.selenium.support.ui.Select.findOptionsByValue(Select.java:283)
	at org.openqa.selenium.support.ui.Select.selectByValue(Select.java:186)
	at com.kms.katalon.core.webui.common.WebUiCommonHelper.selectOrDeselectOptionsByValue(WebUiCommonHelper.java:266)
	at com.kms.katalon.core.webui.keyword.builtin.SelectOptionByValueKeyword$_selectOptionByValue_closure1.doCall(SelectOptionByValueKeyword.groovy:88)
	at com.kms.katalon.core.webui.keyword.builtin.SelectOptionByValueKeyword$_selectOptionByValue_closure1.call(SelectOptionByValueKeyword.groovy)
	at com.kms.katalon.core.webui.keyword.internal.WebUIKeywordMain.runKeyword(WebUIKeywordMain.groovy:20)
	... 22 more
"/>
         <system-out><![CDATA[2021-10-15 13:24:21 - [TEST_CASE][FAILED] - Test Cases/Entrepreneurial_Dropdowns: Test Cases/Entrepreneurial_Dropdowns FAILED.
Reason:
com.kms.katalon.core.exception.StepFailedException: Unable to select option by value 'tfa_1088' of object 'Object Repository/Dopdown/EntrepreneurialLeadershipDropdownOptions/TOEOption' 
	at com.kms.katalon.core.webui.keyword.internal.WebUIKeywordMain.stepFailed(WebUIKeywordMain.groovy:64)
	at com.kms.katalon.core.webui.keyword.internal.WebUIKeywordMain.runKeyword(WebUIKeywordMain.groovy:26)
	at com.kms.katalon.core.webui.keyword.builtin.SelectOptionByValueKeyword.selectOptionByValue(SelectOptionByValueKeyword.groovy:99)
	at com.kms.katalon.core.webui.keyword.builtin.SelectOptionByValueKeyword.execute(SelectOptionByValueKeyword.groovy:71)
	at com.kms.katalon.core.keyword.internal.KeywordExecutor.executeKeywordForPlatform(KeywordExecutor.groovy:74)
	at com.kms.katalon.core.webui.keyword.WebUiBuiltInKeywords.selectOptionByValue(WebUiBuiltInKeywords.groovy:1168)
	at com.kms.katalon.core.webui.keyword.WebUiBuiltInKeywords$selectOptionByValue$3.call(Unknown Source)
	at Entrepreneurial_Dropdowns.run(Entrepreneurial_Dropdowns:33)
	at com.kms.katalon.core.main.ScriptEngine.run(ScriptEngine.java:194)
	at com.kms.katalon.core.main.ScriptEngine.runScriptAsRawText(ScriptEngine.java:119)
	at com.kms.katalon.core.main.TestCaseExecutor.runScript(TestCaseExecutor.java:430)
	at com.kms.katalon.core.main.TestCaseExecutor.doExecute(TestCaseExecutor.java:421)
	at com.kms.katalon.core.main.TestCaseExecutor.processExecutionPhase(TestCaseExecutor.java:400)
	at com.kms.katalon.core.main.TestCaseExecutor.accessMainPhase(TestCaseExecutor.java:392)
	at com.kms.katalon.core.main.TestCaseExecutor.execute(TestCaseExecutor.java:273)
	at com.kms.katalon.core.main.TestCaseExecutor.execute(TestCaseExecutor.java:351)
	at com.kms.katalon.core.main.TestCaseExecutor.execute(TestCaseExecutor.java:351)
	at com.kms.katalon.core.main.TestCaseExecutor.execute(TestCaseExecutor.java:351)
	at com.kms.katalon.core.main.TestSuiteExecutor.accessTestCaseMainPhase(TestSuiteExecutor.java:202)
	at com.kms.katalon.core.main.TestSuiteExecutor.accessTestSuiteMainPhase(TestSuiteExecutor.java:164)
	at com.kms.katalon.core.main.TestSuiteExecutor.execute(TestSuiteExecutor.java:105)
	at com.kms.katalon.core.main.TestCaseMain.startTestSuite(TestCaseMain.java:185)
	at com.kms.katalon.core.main.TestCaseMain$startTestSuite$0.call(Unknown Source)
	at TempTestSuite1634318437928.run(TempTestSuite1634318437928.groovy:36)
Caused by: org.openqa.selenium.NoSuchElementException: Cannot locate option with value: tfa_1088
For documentation on this error, please visit: https://www.seleniumhq.org/exceptions/no_such_element.html
Build info: version: '3.141.59', revision: 'e82be7d358', time: '2018-11-14T08:25:53'
System info: host: 'L18-0032', ip: '10.0.0.226', os.name: 'Windows 10', os.arch: 'amd64', os.version: '10.0', java.version: '1.8.0_181'
Driver info: driver.version: unknown
	at org.openqa.selenium.support.ui.Select.findOptionsByValue(Select.java:283)
	at org.openqa.selenium.support.ui.Select.selectByValue(Select.java:186)
	at com.kms.katalon.core.webui.common.WebUiCommonHelper.selectOrDeselectOptionsByValue(WebUiCommonHelper.java:266)
	at com.kms.katalon.core.webui.keyword.builtin.SelectOptionByValueKeyword$_selectOptionByValue_closure1.doCall(SelectOptionByValueKeyword.groovy:88)
	at com.kms.katalon.core.webui.keyword.builtin.SelectOptionByValueKeyword$_selectOptionByValue_closure1.call(SelectOptionByValueKeyword.groovy)
	at com.kms.katalon.core.webui.keyword.internal.WebUIKeywordMain.runKeyword(WebUIKeywordMain.groovy:20)
	... 22 more


2021-10-15 13:24:21 - [TEST_STEP][PASSED] - openBrowser(""): Browser is opened with url: ''

2021-10-15 13:24:21 - [MESSAGE][WARNING] - A browser is already opened. Closing browser and opening a new one

2021-10-15 13:24:22 - [MESSAGE][INFO] - Starting 'Chrome' driver

2021-10-15 13:24:22 - [MESSAGE][INFO] - Action delay is set to 0 milliseconds

2021-10-15 13:24:23 - [MESSAGE][PASSED] - Browser is opened with url: ''

2021-10-15 13:24:23 - [TEST_STEP][PASSED] - navigateToUrl("https://test-www.babson.edu/business-programs-wes/entrepreneurial-leadership-development-programs/"): Navigate to 'https://test-www.babson.edu/business-programs-wes/entrepreneurial-leadership-development-programs/' successfully

2021-10-15 13:24:25 - [MESSAGE][PASSED] - Navigate to 'https://test-www.babson.edu/business-programs-wes/entrepreneurial-leadership-development-programs/' successfully

2021-10-15 13:24:25 - [TEST_STEP][PASSED] - maximizeWindow(): Current window maximized

2021-10-15 13:24:25 - [MESSAGE][PASSED] - Current window maximized

2021-10-15 13:24:25 - [TEST_STEP][PASSED] - click(findTestObject("FormFields/ProgramOfInterest")): Object: 'Object Repository/FormFields/ProgramOfInterest' is clicked on

2021-10-15 13:24:26 - [MESSAGE][PASSED] - Object: 'Object Repository/FormFields/ProgramOfInterest' is clicked on

2021-10-15 13:24:26 - [TEST_STEP][PASSED] - selectOptionByValue(findTestObject("Dopdown/EntrepreneurialLeadershipDropdownOptions/POIDropDown"), "tfa_1037", false): All options with value 'tfa_1037' are selected in object 'Object Repository/Dopdown/EntrepreneurialLeadershipDropdownOptions/POIDropDown' 

2021-10-15 13:24:57 - [MESSAGE][INFO] - Unable to find the element located by 'By.xpath: //*[@id = 'tfa_4' and @name = 'tfa_4' and @title = 'Program of Interest' and (text() = 'Please select...
Full-Time MBA
Part-Time MBA
Online MBA
Master in Entrepreneurial Leadership
Master in Advanced Entrepreneurial Leadership
Master of Science in Finance
Master of Science in Business Analytics - Wellesley
Certificate in Advanced Management
Undergraduate Program
Undergraduate Program - Transfer
Executive Education Open Enrollment Programs' or . = 'Please select...
Full-Time MBA
Part-Time MBA
Online MBA
Master in Entrepreneurial Leadership
Master in Advanced Entrepreneurial Leadership
Master of Science in Finance
Master of Science in Business Analytics - Wellesley
Certificate in Advanced Management
Undergraduate Program
Undergraduate Program - Transfer
Executive Education Open Enrollment Programs')]'. Please recheck the objects properties to make sure the desired element is located. 

2021-10-15 13:24:57 - [MESSAGE][WARNING] - [SELF-HEALING] Failed to find element with id 'Object Repository/Dopdown/EntrepreneurialLeadershipDropdownOptions/POIDropDown'. Try using Self-healing.

2021-10-15 13:24:57 - [MESSAGE][ERROR] - [SELF-HEALING] com.google.gson.stream.MalformedJsonException: Expected ':' at line 2 column 10 path $.<<<<<<<

2021-10-15 13:24:58 - [MESSAGE][INFO] - [SELF-HEALING] Screenshot: C:/Users/rkeough/babson-automation/Reports/Self-healing/Object Repository/Dopdown/EntrepreneurialLeadershipDropdownOptions/POIDropDown_XPATH.png

2021-10-15 13:24:58 - [MESSAGE][ERROR] - [SELF-HEALING] com.google.gson.stream.MalformedJsonException: Expected ':' at line 2 column 10 path $.<<<<<<<

2021-10-15 13:24:58 - [MESSAGE][ERROR] - [SELF-HEALING] C:\Users\rkeough\babson-automation\Reports\Self-healing\broken-test-objects.json does not exist or is provided by Self-healing Plugin!

2021-10-15 13:24:58 - [MESSAGE][WARNING] - [SELF-HEALING] The current locator of test object 'Object Repository/Dopdown/EntrepreneurialLeadershipDropdownOptions/POIDropDown' was broken. Propose an alternative one: '//select[@id='tfa_4']'.

2021-10-15 13:24:58 - [MESSAGE][PASSED] - All options with value 'tfa_1037' are selected in object 'Object Repository/Dopdown/EntrepreneurialLeadershipDropdownOptions/POIDropDown' 

2021-10-15 13:24:58 - [TEST_STEP][PASSED] - click(findTestObject("FormFields/IntendedTermOfEnrollment")): Object: 'Object Repository/FormFields/IntendedTermOfEnrollment' is clicked on

2021-10-15 13:24:59 - [MESSAGE][PASSED] - Object: 'Object Repository/FormFields/IntendedTermOfEnrollment' is clicked on

2021-10-15 13:24:59 - [TEST_STEP][FAILED] - selectOptionByValue(findTestObject("Dopdown/EntrepreneurialLeadershipDropdownOptions/TOEOption"), "tfa_1088", false): Unable to select option by value 'tfa_1088' of object 'Object Repository/Dopdown/EntrepreneurialLeadershipDropdownOptions/TOEOption'  (Root cause: com.kms.katalon.core.exception.StepFailedException: Unable to select option by value 'tfa_1088' of object 'Object Repository/Dopdown/EntrepreneurialLeadershipDropdownOptions/TOEOption' 
	at com.kms.katalon.core.webui.keyword.internal.WebUIKeywordMain.stepFailed(WebUIKeywordMain.groovy:64)
	at com.kms.katalon.core.webui.keyword.internal.WebUIKeywordMain.runKeyword(WebUIKeywordMain.groovy:26)
	at com.kms.katalon.core.webui.keyword.builtin.SelectOptionByValueKeyword.selectOptionByValue(SelectOptionByValueKeyword.groovy:99)
	at com.kms.katalon.core.webui.keyword.builtin.SelectOptionByValueKeyword.execute(SelectOptionByValueKeyword.groovy:71)
	at com.kms.katalon.core.keyword.internal.KeywordExecutor.executeKeywordForPlatform(KeywordExecutor.groovy:74)
	at com.kms.katalon.core.webui.keyword.WebUiBuiltInKeywords.selectOptionByValue(WebUiBuiltInKeywords.groovy:1168)
	at com.kms.katalon.core.webui.keyword.WebUiBuiltInKeywords$selectOptionByValue$3.call(Unknown Source)
	at Entrepreneurial_Dropdowns.run(Entrepreneurial_Dropdowns:33)
	at com.kms.katalon.core.main.ScriptEngine.run(ScriptEngine.java:194)
	at com.kms.katalon.core.main.ScriptEngine.runScriptAsRawText(ScriptEngine.java:119)
	at com.kms.katalon.core.main.TestCaseExecutor.runScript(TestCaseExecutor.java:430)
	at com.kms.katalon.core.main.TestCaseExecutor.doExecute(TestCaseExecutor.java:421)
	at com.kms.katalon.core.main.TestCaseExecutor.processExecutionPhase(TestCaseExecutor.java:400)
	at com.kms.katalon.core.main.TestCaseExecutor.accessMainPhase(TestCaseExecutor.java:392)
	at com.kms.katalon.core.main.TestCaseExecutor.execute(TestCaseExecutor.java:273)
	at com.kms.katalon.core.main.TestCaseExecutor.execute(TestCaseExecutor.java:351)
	at com.kms.katalon.core.main.TestCaseExecutor.execute(TestCaseExecutor.java:351)
	at com.kms.katalon.core.main.TestCaseExecutor.execute(TestCaseExecutor.java:351)
	at com.kms.katalon.core.main.TestSuiteExecutor.accessTestCaseMainPhase(TestSuiteExecutor.java:202)
	at com.kms.katalon.core.main.TestSuiteExecutor.accessTestSuiteMainPhase(TestSuiteExecutor.java:164)
	at com.kms.katalon.core.main.TestSuiteExecutor.execute(TestSuiteExecutor.java:105)
	at com.kms.katalon.core.main.TestCaseMain.startTestSuite(TestCaseMain.java:185)
	at com.kms.katalon.core.main.TestCaseMain$startTestSuite$0.call(Unknown Source)
	at TempTestSuite1634318437928.run(TempTestSuite1634318437928.groovy:36)
Caused by: org.openqa.selenium.NoSuchElementException: Cannot locate option with value: tfa_1088
For documentation on this error, please visit: https://www.seleniumhq.org/exceptions/no_such_element.html
Build info: version: '3.141.59', revision: 'e82be7d358', time: '2018-11-14T08:25:53'
System info: host: 'L18-0032', ip: '10.0.0.226', os.name: 'Windows 10', os.arch: 'amd64', os.version: '10.0', java.version: '1.8.0_181'
Driver info: driver.version: unknown
	at org.openqa.selenium.support.ui.Select.findOptionsByValue(Select.java:283)
	at org.openqa.selenium.support.ui.Select.selectByValue(Select.java:186)
	at com.kms.katalon.core.webui.common.WebUiCommonHelper.selectOrDeselectOptionsByValue(WebUiCommonHelper.java:266)
	at com.kms.katalon.core.webui.keyword.builtin.SelectOptionByValueKeyword$_selectOptionByValue_closure1.doCall(SelectOptionByValueKeyword.groovy:88)
	at com.kms.katalon.core.webui.keyword.builtin.SelectOptionByValueKeyword$_selectOptionByValue_closure1.call(SelectOptionByValueKeyword.groovy)
	at com.kms.katalon.core.webui.keyword.internal.WebUIKeywordMain.runKeyword(WebUIKeywordMain.groovy:20)
	at com.kms.katalon.core.webui.keyword.builtin.SelectOptionByValueKeyword.selectOptionByValue(SelectOptionByValueKeyword.groovy:99)
	at com.kms.katalon.core.webui.keyword.builtin.SelectOptionByValueKeyword.execute(SelectOptionByValueKeyword.groovy:71)
	at com.kms.katalon.core.keyword.internal.KeywordExecutor.executeKeywordForPlatform(KeywordExecutor.groovy:74)
	at com.kms.katalon.core.webui.keyword.WebUiBuiltInKeywords.selectOptionByValue(WebUiBuiltInKeywords.groovy:1168)
	at com.kms.katalon.core.webui.keyword.WebUiBuiltInKeywords$selectOptionByValue$3.call(Unknown Source)
	at Script1606235626460.run(Script1606235626460.groovy:33)
	... 16 more
)

2021-10-15 13:25:30 - [MESSAGE][INFO] - Unable to find the element located by 'By.xpath: //*[@id = 'tfa_8' and @name = 'tfa_8' and @title = 'Intended Term of Enrollment' and (text() = 'Please select...

 Summer 2021
Fall 2021
Summer 2022
 Fall 2022
 Summer 2023
 Fall 2023
 Summer 2024
 Fall 2024


 Spring 2021
 Summer 2021
 Fall 2021
 Spring 2022
 Summer 2022
 Fall 2022
 Spring 2023
 Summer 2023
 Fall 2023
 Spring 2024
 Summer 2024
 Fall 2024


 Spring 2021
 Summer 2021
 Fall 2021
 Spring 2022
 Summer 2022
 Fall 2022
 Spring 2023
 Summer 2023
 Fall 2023
 Spring 2024
 Summer 2024
 Fall 2024


 Spring 2021
Fall 2021
Fall 2022
 Fall 2023
 Fall 2024


Fall 2021
Fall 2022
 Fall 2023
 Fall 2024


Fall 2021
Fall 2022
 Fall 2023
 Fall 2024


Spring 2021
 Fall 2021
 Spring 2022
 Fall 2022
 Spring 2023
 Fall 2023
 Spring 2024
 Fall 2024


 Spring 2021
 Summer 2021
 Fall 2021
 Spring 2022
 Summer 2022
 Fall 2022
 Spring 2023
 Summer 2023
 Fall 2023
 Spring 2024
 Summer 2024
 Fall 2024



 Fall 2021
Fall 2022
 Fall 2023
 Fall 2024


Spring 2021
Fall 2021
' or . = 'Please select...

 Summer 2021
Fall 2021
Summer 2022
 Fall 2022
 Summer 2023
 Fall 2023
 Summer 2024
 Fall 2024


 Spring 2021
 Summer 2021
 Fall 2021
 Spring 2022
 Summer 2022
 Fall 2022
 Spring 2023
 Summer 2023
 Fall 2023
 Spring 2024
 Summer 2024
 Fall 2024


 Spring 2021
 Summer 2021
 Fall 2021
 Spring 2022
 Summer 2022
 Fall 2022
 Spring 2023
 Summer 2023
 Fall 2023
 Spring 2024
 Summer 2024
 Fall 2024


 Spring 2021
Fall 2021
Fall 2022
 Fall 2023
 Fall 2024


Fall 2021
Fall 2022
 Fall 2023
 Fall 2024


Fall 2021
Fall 2022
 Fall 2023
 Fall 2024


Spring 2021
 Fall 2021
 Spring 2022
 Fall 2022
 Spring 2023
 Fall 2023
 Spring 2024
 Fall 2024


 Spring 2021
 Summer 2021
 Fall 2021
 Spring 2022
 Summer 2022
 Fall 2022
 Spring 2023
 Summer 2023
 Fall 2023
 Spring 2024
 Summer 2024
 Fall 2024



 Fall 2021
Fall 2022
 Fall 2023
 Fall 2024


Spring 2021
Fall 2021
')]'. Please recheck the objects properties to make sure the desired element is located. 

2021-10-15 13:25:30 - [MESSAGE][WARNING] - [SELF-HEALING] Failed to find element with id 'Object Repository/Dopdown/EntrepreneurialLeadershipDropdownOptions/TOEOption'. Try using Self-healing.

2021-10-15 13:25:30 - [MESSAGE][ERROR] - [SELF-HEALING] com.google.gson.stream.MalformedJsonException: Expected ':' at line 2 column 10 path $.<<<<<<<

2021-10-15 13:25:30 - [MESSAGE][INFO] - [SELF-HEALING] Screenshot: C:/Users/rkeough/babson-automation/Reports/Self-healing/Object Repository/Dopdown/EntrepreneurialLeadershipDropdownOptions/TOEOption_XPATH.png

2021-10-15 13:25:30 - [MESSAGE][ERROR] - [SELF-HEALING] com.google.gson.stream.MalformedJsonException: Expected ':' at line 2 column 10 path $.<<<<<<<

2021-10-15 13:25:30 - [MESSAGE][ERROR] - [SELF-HEALING] C:\Users\rkeough\babson-automation\Reports\Self-healing\broken-test-objects.json does not exist or is provided by Self-healing Plugin!

2021-10-15 13:25:30 - [MESSAGE][WARNING] - [SELF-HEALING] The current locator of test object 'Object Repository/Dopdown/EntrepreneurialLeadershipDropdownOptions/TOEOption' was broken. Propose an alternative one: '//select[@id='tfa_8']'.

2021-10-15 13:25:31 - [MESSAGE][FAILED] - Unable to select option by value 'tfa_1088' of object 'Object Repository/Dopdown/EntrepreneurialLeadershipDropdownOptions/TOEOption'  (Root cause: com.kms.katalon.core.exception.StepFailedException: Unable to select option by value 'tfa_1088' of object 'Object Repository/Dopdown/EntrepreneurialLeadershipDropdownOptions/TOEOption' 
	at com.kms.katalon.core.webui.keyword.internal.WebUIKeywordMain.stepFailed(WebUIKeywordMain.groovy:64)
	at com.kms.katalon.core.webui.keyword.internal.WebUIKeywordMain.runKeyword(WebUIKeywordMain.groovy:26)
	at com.kms.katalon.core.webui.keyword.builtin.SelectOptionByValueKeyword.selectOptionByValue(SelectOptionByValueKeyword.groovy:99)
	at com.kms.katalon.core.webui.keyword.builtin.SelectOptionByValueKeyword.execute(SelectOptionByValueKeyword.groovy:71)
	at com.kms.katalon.core.keyword.internal.KeywordExecutor.executeKeywordForPlatform(KeywordExecutor.groovy:74)
	at com.kms.katalon.core.webui.keyword.WebUiBuiltInKeywords.selectOptionByValue(WebUiBuiltInKeywords.groovy:1168)
	at com.kms.katalon.core.webui.keyword.WebUiBuiltInKeywords$selectOptionByValue$3.call(Unknown Source)
	at Entrepreneurial_Dropdowns.run(Entrepreneurial_Dropdowns:33)
	at com.kms.katalon.core.main.ScriptEngine.run(ScriptEngine.java:194)
	at com.kms.katalon.core.main.ScriptEngine.runScriptAsRawText(ScriptEngine.java:119)
	at com.kms.katalon.core.main.TestCaseExecutor.runScript(TestCaseExecutor.java:430)
	at com.kms.katalon.core.main.TestCaseExecutor.doExecute(TestCaseExecutor.java:421)
	at com.kms.katalon.core.main.TestCaseExecutor.processExecutionPhase(TestCaseExecutor.java:400)
	at com.kms.katalon.core.main.TestCaseExecutor.accessMainPhase(TestCaseExecutor.java:392)
	at com.kms.katalon.core.main.TestCaseExecutor.execute(TestCaseExecutor.java:273)
	at com.kms.katalon.core.main.TestCaseExecutor.execute(TestCaseExecutor.java:351)
	at com.kms.katalon.core.main.TestCaseExecutor.execute(TestCaseExecutor.java:351)
	at com.kms.katalon.core.main.TestCaseExecutor.execute(TestCaseExecutor.java:351)
	at com.kms.katalon.core.main.TestSuiteExecutor.accessTestCaseMainPhase(TestSuiteExecutor.java:202)
	at com.kms.katalon.core.main.TestSuiteExecutor.accessTestSuiteMainPhase(TestSuiteExecutor.java:164)
	at com.kms.katalon.core.main.TestSuiteExecutor.execute(TestSuiteExecutor.java:105)
	at com.kms.katalon.core.main.TestCaseMain.startTestSuite(TestCaseMain.java:185)
	at com.kms.katalon.core.main.TestCaseMain$startTestSuite$0.call(Unknown Source)
	at TempTestSuite1634318437928.run(TempTestSuite1634318437928.groovy:36)
Caused by: org.openqa.selenium.NoSuchElementException: Cannot locate option with value: tfa_1088
For documentation on this error, please visit: https://www.seleniumhq.org/exceptions/no_such_element.html
Build info: version: '3.141.59', revision: 'e82be7d358', time: '2018-11-14T08:25:53'
System info: host: 'L18-0032', ip: '10.0.0.226', os.name: 'Windows 10', os.arch: 'amd64', os.version: '10.0', java.version: '1.8.0_181'
Driver info: driver.version: unknown
	at org.openqa.selenium.support.ui.Select.findOptionsByValue(Select.java:283)
	at org.openqa.selenium.support.ui.Select.selectByValue(Select.java:186)
	at com.kms.katalon.core.webui.common.WebUiCommonHelper.selectOrDeselectOptionsByValue(WebUiCommonHelper.java:266)
	at com.kms.katalon.core.webui.keyword.builtin.SelectOptionByValueKeyword$_selectOptionByValue_closure1.doCall(SelectOptionByValueKeyword.groovy:88)
	at com.kms.katalon.core.webui.keyword.builtin.SelectOptionByValueKeyword$_selectOptionByValue_closure1.call(SelectOptionByValueKeyword.groovy)
	at com.kms.katalon.core.webui.keyword.internal.WebUIKeywordMain.runKeyword(WebUIKeywordMain.groovy:20)
	at com.kms.katalon.core.webui.keyword.builtin.SelectOptionByValueKeyword.selectOptionByValue(SelectOptionByValueKeyword.groovy:99)
	at com.kms.katalon.core.webui.keyword.builtin.SelectOptionByValueKeyword.execute(SelectOptionByValueKeyword.groovy:71)
	at com.kms.katalon.core.keyword.internal.KeywordExecutor.executeKeywordForPlatform(KeywordExecutor.groovy:74)
	at com.kms.katalon.core.webui.keyword.WebUiBuiltInKeywords.selectOptionByValue(WebUiBuiltInKeywords.groovy:1168)
	at com.kms.katalon.core.webui.keyword.WebUiBuiltInKeywords$selectOptionByValue$3.call(Unknown Source)
	at Script1606235626460.run(Script1606235626460.groovy:33)
	... 16 more
)
[[ATTACHMENT|C:\\Users\\rkeough\\babson-automation\\Reports\\20211015_132037\\jjkl\\20211015_132037\\1634318731123.png]]]]></system-out>
         <system-err><![CDATA[2021-10-15 13:24:21 - [TEST_CASE][FAILED] - Test Cases/Entrepreneurial_Dropdowns: Test Cases/Entrepreneurial_Dropdowns FAILED.
Reason:
com.kms.katalon.core.exception.StepFailedException: Unable to select option by value 'tfa_1088' of object 'Object Repository/Dopdown/EntrepreneurialLeadershipDropdownOptions/TOEOption' 
	at com.kms.katalon.core.webui.keyword.internal.WebUIKeywordMain.stepFailed(WebUIKeywordMain.groovy:64)
	at com.kms.katalon.core.webui.keyword.internal.WebUIKeywordMain.runKeyword(WebUIKeywordMain.groovy:26)
	at com.kms.katalon.core.webui.keyword.builtin.SelectOptionByValueKeyword.selectOptionByValue(SelectOptionByValueKeyword.groovy:99)
	at com.kms.katalon.core.webui.keyword.builtin.SelectOptionByValueKeyword.execute(SelectOptionByValueKeyword.groovy:71)
	at com.kms.katalon.core.keyword.internal.KeywordExecutor.executeKeywordForPlatform(KeywordExecutor.groovy:74)
	at com.kms.katalon.core.webui.keyword.WebUiBuiltInKeywords.selectOptionByValue(WebUiBuiltInKeywords.groovy:1168)
	at com.kms.katalon.core.webui.keyword.WebUiBuiltInKeywords$selectOptionByValue$3.call(Unknown Source)
	at Entrepreneurial_Dropdowns.run(Entrepreneurial_Dropdowns:33)
	at com.kms.katalon.core.main.ScriptEngine.run(ScriptEngine.java:194)
	at com.kms.katalon.core.main.ScriptEngine.runScriptAsRawText(ScriptEngine.java:119)
	at com.kms.katalon.core.main.TestCaseExecutor.runScript(TestCaseExecutor.java:430)
	at com.kms.katalon.core.main.TestCaseExecutor.doExecute(TestCaseExecutor.java:421)
	at com.kms.katalon.core.main.TestCaseExecutor.processExecutionPhase(TestCaseExecutor.java:400)
	at com.kms.katalon.core.main.TestCaseExecutor.accessMainPhase(TestCaseExecutor.java:392)
	at com.kms.katalon.core.main.TestCaseExecutor.execute(TestCaseExecutor.java:273)
	at com.kms.katalon.core.main.TestCaseExecutor.execute(TestCaseExecutor.java:351)
	at com.kms.katalon.core.main.TestCaseExecutor.execute(TestCaseExecutor.java:351)
	at com.kms.katalon.core.main.TestCaseExecutor.execute(TestCaseExecutor.java:351)
	at com.kms.katalon.core.main.TestSuiteExecutor.accessTestCaseMainPhase(TestSuiteExecutor.java:202)
	at com.kms.katalon.core.main.TestSuiteExecutor.accessTestSuiteMainPhase(TestSuiteExecutor.java:164)
	at com.kms.katalon.core.main.TestSuiteExecutor.execute(TestSuiteExecutor.java:105)
	at com.kms.katalon.core.main.TestCaseMain.startTestSuite(TestCaseMain.java:185)
	at com.kms.katalon.core.main.TestCaseMain$startTestSuite$0.call(Unknown Source)
	at TempTestSuite1634318437928.run(TempTestSuite1634318437928.groovy:36)
Caused by: org.openqa.selenium.NoSuchElementException: Cannot locate option with value: tfa_1088
For documentation on this error, please visit: https://www.seleniumhq.org/exceptions/no_such_element.html
Build info: version: '3.141.59', revision: 'e82be7d358', time: '2018-11-14T08:25:53'
System info: host: 'L18-0032', ip: '10.0.0.226', os.name: 'Windows 10', os.arch: 'amd64', os.version: '10.0', java.version: '1.8.0_181'
Driver info: driver.version: unknown
	at org.openqa.selenium.support.ui.Select.findOptionsByValue(Select.java:283)
	at org.openqa.selenium.support.ui.Select.selectByValue(Select.java:186)
	at com.kms.katalon.core.webui.common.WebUiCommonHelper.selectOrDeselectOptionsByValue(WebUiCommonHelper.java:266)
	at com.kms.katalon.core.webui.keyword.builtin.SelectOptionByValueKeyword$_selectOptionByValue_closure1.doCall(SelectOptionByValueKeyword.groovy:88)
	at com.kms.katalon.core.webui.keyword.builtin.SelectOptionByValueKeyword$_selectOptionByValue_closure1.call(SelectOptionByValueKeyword.groovy)
	at com.kms.katalon.core.webui.keyword.internal.WebUIKeywordMain.runKeyword(WebUIKeywordMain.groovy:20)
	... 22 more]]></system-err>
      </testcase>
      <system-out><![CDATA[2021-10-15 13:20:48 - [TEST_SUITE][FAILED] - jjkl: Test Cases/Entrepreneurial_Dropdowns FAILED.
Reason:
com.kms.katalon.core.exception.StepFailedException: Unable to select option by value 'tfa_1088' of object 'Object Repository/Dopdown/EntrepreneurialLeadershipDropdownOptions/TOEOption' 
	at com.kms.katalon.core.webui.keyword.internal.WebUIKeywordMain.stepFailed(WebUIKeywordMain.groovy:64)
	at com.kms.katalon.core.webui.keyword.internal.WebUIKeywordMain.runKeyword(WebUIKeywordMain.groovy:26)
	at com.kms.katalon.core.webui.keyword.builtin.SelectOptionByValueKeyword.selectOptionByValue(SelectOptionByValueKeyword.groovy:99)
	at com.kms.katalon.core.webui.keyword.builtin.SelectOptionByValueKeyword.execute(SelectOptionByValueKeyword.groovy:71)
	at com.kms.katalon.core.keyword.internal.KeywordExecutor.executeKeywordForPlatform(KeywordExecutor.groovy:74)
	at com.kms.katalon.core.webui.keyword.WebUiBuiltInKeywords.selectOptionByValue(WebUiBuiltInKeywords.groovy:1168)
	at com.kms.katalon.core.webui.keyword.WebUiBuiltInKeywords$selectOptionByValue$3.call(Unknown Source)
	at Entrepreneurial_Dropdowns.run(Entrepreneurial_Dropdowns:33)
	at com.kms.katalon.core.main.ScriptEngine.run(ScriptEngine.java:194)
	at com.kms.katalon.core.main.ScriptEngine.runScriptAsRawText(ScriptEngine.java:119)
	at com.kms.katalon.core.main.TestCaseExecutor.runScript(TestCaseExecutor.java:430)
	at com.kms.katalon.core.main.TestCaseExecutor.doExecute(TestCaseExecutor.java:421)
	at com.kms.katalon.core.main.TestCaseExecutor.processExecutionPhase(TestCaseExecutor.java:400)
	at com.kms.katalon.core.main.TestCaseExecutor.accessMainPhase(TestCaseExecutor.java:392)
	at com.kms.katalon.core.main.TestCaseExecutor.execute(TestCaseExecutor.java:273)
	at com.kms.katalon.core.main.TestSuiteExecutor.accessTestCaseMainPhase(TestSuiteExecutor.java:202)
	at com.kms.katalon.core.main.TestSuiteExecutor.accessTestSuiteMainPhase(TestSuiteExecutor.java:164)
	at com.kms.katalon.core.main.TestSuiteExecutor.execute(TestSuiteExecutor.java:105)
	at com.kms.katalon.core.main.TestCaseMain.startTestSuite(TestCaseMain.java:185)
	at com.kms.katalon.core.main.TestCaseMain$startTestSuite$0.call(Unknown Source)
	at TempTestSuite1634318437928.run(TempTestSuite1634318437928.groovy:36)
Caused by: org.openqa.selenium.NoSuchElementException: Cannot locate option with value: tfa_1088
For documentation on this error, please visit: https://www.seleniumhq.org/exceptions/no_such_element.html
Build info: version: '3.141.59', revision: 'e82be7d358', time: '2018-11-14T08:25:53'
System info: host: 'L18-0032', ip: '10.0.0.226', os.name: 'Windows 10', os.arch: 'amd64', os.version: '10.0', java.version: '1.8.0_181'
Driver info: driver.version: unknown
	at org.openqa.selenium.support.ui.Select.findOptionsByValue(Select.java:283)
	at org.openqa.selenium.support.ui.Select.selectByValue(Select.java:186)
	at com.kms.katalon.core.webui.common.WebUiCommonHelper.selectOrDeselectOptionsByValue(WebUiCommonHelper.java:266)
	at com.kms.katalon.core.webui.keyword.builtin.SelectOptionByValueKeyword$_selectOptionByValue_closure1.doCall(SelectOptionByValueKeyword.groovy:88)
	at com.kms.katalon.core.webui.keyword.builtin.SelectOptionByValueKeyword$_selectOptionByValue_closure1.call(SelectOptionByValueKeyword.groovy)
	at com.kms.katalon.core.webui.keyword.internal.WebUIKeywordMain.runKeyword(WebUIKeywordMain.groovy:20)
	... 19 more]]></system-out>
      <system-err><![CDATA[2021-10-15 13:20:48 - [TEST_SUITE][FAILED] - jjkl: Test Cases/Entrepreneurial_Dropdowns FAILED.
Reason:
com.kms.katalon.core.exception.StepFailedException: Unable to select option by value 'tfa_1088' of object 'Object Repository/Dopdown/EntrepreneurialLeadershipDropdownOptions/TOEOption' 
	at com.kms.katalon.core.webui.keyword.internal.WebUIKeywordMain.stepFailed(WebUIKeywordMain.groovy:64)
	at com.kms.katalon.core.webui.keyword.internal.WebUIKeywordMain.runKeyword(WebUIKeywordMain.groovy:26)
	at com.kms.katalon.core.webui.keyword.builtin.SelectOptionByValueKeyword.selectOptionByValue(SelectOptionByValueKeyword.groovy:99)
	at com.kms.katalon.core.webui.keyword.builtin.SelectOptionByValueKeyword.execute(SelectOptionByValueKeyword.groovy:71)
	at com.kms.katalon.core.keyword.internal.KeywordExecutor.executeKeywordForPlatform(KeywordExecutor.groovy:74)
	at com.kms.katalon.core.webui.keyword.WebUiBuiltInKeywords.selectOptionByValue(WebUiBuiltInKeywords.groovy:1168)
	at com.kms.katalon.core.webui.keyword.WebUiBuiltInKeywords$selectOptionByValue$3.call(Unknown Source)
	at Entrepreneurial_Dropdowns.run(Entrepreneurial_Dropdowns:33)
	at com.kms.katalon.core.main.ScriptEngine.run(ScriptEngine.java:194)
	at com.kms.katalon.core.main.ScriptEngine.runScriptAsRawText(ScriptEngine.java:119)
	at com.kms.katalon.core.main.TestCaseExecutor.runScript(TestCaseExecutor.java:430)
	at com.kms.katalon.core.main.TestCaseExecutor.doExecute(TestCaseExecutor.java:421)
	at com.kms.katalon.core.main.TestCaseExecutor.processExecutionPhase(TestCaseExecutor.java:400)
	at com.kms.katalon.core.main.TestCaseExecutor.accessMainPhase(TestCaseExecutor.java:392)
	at com.kms.katalon.core.main.TestCaseExecutor.execute(TestCaseExecutor.java:273)
	at com.kms.katalon.core.main.TestSuiteExecutor.accessTestCaseMainPhase(TestSuiteExecutor.java:202)
	at com.kms.katalon.core.main.TestSuiteExecutor.accessTestSuiteMainPhase(TestSuiteExecutor.java:164)
	at com.kms.katalon.core.main.TestSuiteExecutor.execute(TestSuiteExecutor.java:105)
	at com.kms.katalon.core.main.TestCaseMain.startTestSuite(TestCaseMain.java:185)
	at com.kms.katalon.core.main.TestCaseMain$startTestSuite$0.call(Unknown Source)
	at TempTestSuite1634318437928.run(TempTestSuite1634318437928.groovy:36)
Caused by: org.openqa.selenium.NoSuchElementException: Cannot locate option with value: tfa_1088
For documentation on this error, please visit: https://www.seleniumhq.org/exceptions/no_such_element.html
Build info: version: '3.141.59', revision: 'e82be7d358', time: '2018-11-14T08:25:53'
System info: host: 'L18-0032', ip: '10.0.0.226', os.name: 'Windows 10', os.arch: 'amd64', os.version: '10.0', java.version: '1.8.0_181'
Driver info: driver.version: unknown
	at org.openqa.selenium.support.ui.Select.findOptionsByValue(Select.java:283)
	at org.openqa.selenium.support.ui.Select.selectByValue(Select.java:186)
	at com.kms.katalon.core.webui.common.WebUiCommonHelper.selectOrDeselectOptionsByValue(WebUiCommonHelper.java:266)
	at com.kms.katalon.core.webui.keyword.builtin.SelectOptionByValueKeyword$_selectOptionByValue_closure1.doCall(SelectOptionByValueKeyword.groovy:88)
	at com.kms.katalon.core.webui.keyword.builtin.SelectOptionByValueKeyword$_selectOptionByValue_closure1.call(SelectOptionByValueKeyword.groovy)
	at com.kms.katalon.core.webui.keyword.internal.WebUIKeywordMain.runKeyword(WebUIKeywordMain.groovy:20)
	... 19 more]]></system-err>
   </testsuite>
</testsuites>
